app/build/outputs/logs/manifest-merger-debug-report.txt
-- Merging decision tree log ---
manifest
ADDED from AndroidManifest.xml:2:1
	xmlns:tools
		ADDED from AndroidManifest.xml:3:5
	xmlns:android
		ADDED from AndroidManifest.xml:2:11
	package
		ADDED from AndroidManifest.xml:4:5
		INJECTED from AndroidManifest.xml:0:0
		INJECTED from AndroidManifest.xml:0:0
	android:versionName
		ADDED from AndroidManifest.xml:6:5
	android:versionCode
		ADDED from AndroidManifest.xml:5:5
		INJECTED from AndroidManifest.xml:0:0
		INJECTED from AndroidManifest.xml:0:0
uses-sdk
ADDED from AndroidManifest.xml:8:5
	android:targetSdkVersion
		ADDED from AndroidManifest.xml:10:9
		INJECTED from AndroidManifest.xml:0:0
		INJECTED from AndroidManifest.xml:0:0
	android:minSdkVersion
		ADDED from AndroidManifest.xml:9:9
		INJECTED from AndroidManifest.xml:0:0
		INJECTED from AndroidManifest.xml:0:0
	tools:overrideLibrary
		ADDED from AndroidManifest.xml:11:9
uses-permission#android.permission.ACCESS_NETWORK_STATE
ADDED from AndroidManifest.xml:14:5
	android:name
		ADDED from AndroidManifest.xml:14:22
uses-permission#android.permission.INTERNET
ADDED from AndroidManifest.xml:15:5
	android:name
		ADDED from AndroidManifest.xml:15:22
uses-permission#android.permission.CAMERA
ADDED from AndroidManifest.xml:17:5
	android:name
		ADDED from AndroidManifest.xml:17:22
uses-permission#android.permission.WRITE_EXTERNAL_STORAGE
ADDED from AndroidManifest.xml:19:5
	android:name
		ADDED from AndroidManifest.xml:19:22
uses-permission#android.permission.MOUNT_UNMOUNT_FILESYSTEMS
ADDED from AndroidManifest.xml:20:5
	android:name
		ADDED from AndroidManifest.xml:20:22
uses-permission#android.permission.VIBRATE
ADDED from AndroidManifest.xml:21:5
	android:name
		ADDED from AndroidManifest.xml:21:22
uses-permission#android.permission.READ_PHONE_STATE
ADDED from AndroidManifest.xml:22:5
	android:name
		ADDED from AndroidManifest.xml:22:22
uses-permission#android.permission.READ_EXTERNAL_STORAGE
ADDED from AndroidManifest.xml:23:5
	android:name
		ADDED from AndroidManifest.xml:23:22
uses-permission#android.permission.ACCESS_COARSE_LOCATION
ADDED from AndroidManifest.xml:25:5
	android:name
		ADDED from AndroidManifest.xml:25:22
uses-permission#android.permission.ACCESS_FINE_LOCATION
ADDED from AndroidManifest.xml:26:5
	android:name
		ADDED from AndroidManifest.xml:26:22
uses-permission#com.android.launcher.permission.READ_SETTINGS
ADDED from AndroidManifest.xml:28:5
	android:name
		ADDED from AndroidManifest.xml:28:22
uses-permission#android.permission.WAKE_LOCK
ADDED from AndroidManifest.xml:29:5
	android:name
		ADDED from AndroidManifest.xml:29:22
uses-permission#android.permission.CHANGE_WIFI_STATE
ADDED from AndroidManifest.xml:30:5
	android:name
		ADDED from AndroidManifest.xml:30:22
uses-permission#android.permission.ACCESS_WIFI_STATE
ADDED from AndroidManifest.xml:31:5
	android:name
		ADDED from AndroidManifest.xml:31:22
uses-permission#android.permission.WRITE_SETTINGS
ADDED from AndroidManifest.xml:32:5
	android:name
		ADDED from AndroidManifest.xml:32:22
uses-permission#android.permission.CALL_PHONE
ADDED from AndroidManifest.xml:33:5
	android:name
		ADDED from AndroidManifest.xml:33:22
uses-permission#android.permission.READ_LOGS
ADDED from AndroidManifest.xml:34:5
	android:name
		ADDED from AndroidManifest.xml:34:22
uses-permission#android.permission.GET_TASKS
ADDED from AndroidManifest.xml:36:5
	android:name
		ADDED from AndroidManifest.xml:36:22
uses-permission#android.permission.SET_DEBUG_APP
ADDED from AndroidManifest.xml:37:5
	android:name
		ADDED from AndroidManifest.xml:37:22
uses-permission#android.permission.SYSTEM_ALERT_WINDOW
ADDED from AndroidManifest.xml:38:5
	android:name
		ADDED from AndroidManifest.xml:38:22
uses-permission#android.permission.GET_ACCOUNTS
ADDED from AndroidManifest.xml:39:5
	android:name
		ADDED from AndroidManifest.xml:39:22
uses-permission#android.permission.USE_CREDENTIALS
ADDED from AndroidManifest.xml:40:5
	android:name
		ADDED from AndroidManifest.xml:40:22
uses-permission#android.permission.MANAGE_ACCOUNTS
ADDED from AndroidManifest.xml:41:5
	android:name
		ADDED from AndroidManifest.xml:41:22
uses-permission#ANDROID.PERMISSION.WRITE_APN_SETTINGS
ADDED from AndroidManifest.xml:42:5
	android:name
		ADDED from AndroidManifest.xml:42:22
application
ADDED from AndroidManifest.xml:47:5
	android:label
		ADDED from AndroidManifest.xml:51:9
	android:allowBackup
		ADDED from AndroidManifest.xml:49:9
	android:icon
		ADDED from AndroidManifest.xml:50:9
	android:theme
		ADDED from AndroidManifest.xml:52:9
	android:name
		ADDED from AndroidManifest.xml:48:9
meta-data#com.baidu.lbsapi.API_KEY
ADDED from AndroidManifest.xml:55:9
	android:name
		ADDED from AndroidManifest.xml:56:13
	android:value
		ADDED from AndroidManifest.xml:57:13
service#com.baidu.location.f
ADDED from AndroidManifest.xml:59:9
	android:process
		ADDED from AndroidManifest.xml:62:13
	android:enabled
		ADDED from AndroidManifest.xml:61:13
	android:name
		ADDED from AndroidManifest.xml:60:13
intent-filter#com.baidu.location.service_v2.2
ADDED from AndroidManifest.xml:63:13
action#com.baidu.location.service_v2.2
ADDED from AndroidManifest.xml:64:17
	android:name
		ADDED from AndroidManifest.xml:64:25
activity#net.shopnc.shop.WelcomeActivity
ADDED from AndroidManifest.xml:69:9
	android:label
		ADDED from AndroidManifest.xml:71:13
	android:name
		ADDED from AndroidManifest.xml:70:13
intent-filter#android.intent.action.MAIN+android.intent.category.LAUNCHER
ADDED from AndroidManifest.xml:72:13
action#android.intent.action.MAIN
ADDED from AndroidManifest.xml:73:17
	android:name
		ADDED from AndroidManifest.xml:73:25
category#android.intent.category.LAUNCHER
ADDED from AndroidManifest.xml:75:17
	android:name
		ADDED from AndroidManifest.xml:75:27
activity#net.shopnc.shop.MainFragmentManager
ADDED from AndroidManifest.xml:78:9
	android:windowSoftInputMode
		ADDED from AndroidManifest.xml:82:13
	android:screenOrientation
		ADDED from AndroidManifest.xml:81:13
	android:name
		ADDED from AndroidManifest.xml:79:13
	android:launchMode
		ADDED from AndroidManifest.xml:80:13
activity#net.shopnc.shop.ui.home.SubjectWebActivity
ADDED from AndroidManifest.xml:83:9
	android:windowSoftInputMode
		ADDED from AndroidManifest.xml:86:13
	android:screenOrientation
		ADDED from AndroidManifest.xml:85:13
	android:name
		ADDED from AndroidManifest.xml:84:13
activity#net.shopnc.shop.ui.mine.OrderListActivity
ADDED from AndroidManifest.xml:87:9
	android:windowSoftInputMode
		ADDED from AndroidManifest.xml:90:13
	android:screenOrientation
		ADDED from AndroidManifest.xml:89:13
	android:name
		ADDED from AndroidManifest.xml:88:13
activity#net.shopnc.shop.ui.mine.PayMentWebActivity
ADDED from AndroidManifest.xml:91:9
	android:windowSoftInputMode
		ADDED from AndroidManifest.xml:94:13
	android:screenOrientation
		ADDED from AndroidManifest.xml:93:13
	android:name
		ADDED from AndroidManifest.xml:92:13
activity#net.shopnc.shop.ui.type.VBuyStep1Activity
ADDED from AndroidManifest.xml:95:9
	android:windowSoftInputMode
		ADDED from AndroidManifest.xml:98:13
	android:screenOrientation
		ADDED from AndroidManifest.xml:97:13
	android:name
		ADDED from AndroidManifest.xml:96:13
activity#net.shopnc.shop.ui.mine.OrderDeliverDetailsActivity
ADDED from AndroidManifest.xml:99:9
	android:windowSoftInputMode
		ADDED from AndroidManifest.xml:102:13
	android:screenOrientation
		ADDED from AndroidManifest.xml:101:13
	android:name
		ADDED from AndroidManifest.xml:100:13
activity#net.shopnc.shop.ui.mine.VirtualListActivity
ADDED from AndroidManifest.xml:103:9
	android:windowSoftInputMode
		ADDED from AndroidManifest.xml:106:13
	android:screenOrientation
		ADDED from AndroidManifest.xml:105:13
	android:name
		ADDED from AndroidManifest.xml:104:13
activity#net.shopnc.shop.ui.mine.IMHistoryListActivity
ADDED from AndroidManifest.xml:107:9
	android:windowSoftInputMode
		ADDED from AndroidManifest.xml:110:13
	android:screenOrientation
		ADDED from AndroidManifest.xml:109:13
	android:name
		ADDED from AndroidManifest.xml:108:13
activity#net.shopnc.shop.ui.mine.RegisteredActivity
ADDED from AndroidManifest.xml:111:9
	android:windowSoftInputMode
		ADDED from AndroidManifest.xml:114:13
	android:screenOrientation
		ADDED from AndroidManifest.xml:113:13
	android:name
		ADDED from AndroidManifest.xml:112:13
activity#net.shopnc.shop.ui.mine.IMFriendsListActivity
ADDED from AndroidManifest.xml:115:9
	android:windowSoftInputMode
		ADDED from AndroidManifest.xml:118:13
	android:screenOrientation
		ADDED from AndroidManifest.xml:117:13
	android:name
		ADDED from AndroidManifest.xml:116:13
activity#net.shopnc.shop.ui.mine.FeekBaskActivity
ADDED from AndroidManifest.xml:119:9
	android:windowSoftInputMode
		ADDED from AndroidManifest.xml:122:13
	android:screenOrientation
		ADDED from AndroidManifest.xml:121:13
	android:name
		ADDED from AndroidManifest.xml:120:13
activity#net.shopnc.shop.ui.mine.IMSendMsgActivity
ADDED from AndroidManifest.xml:123:9
	android:windowSoftInputMode
		ADDED from AndroidManifest.xml:126:13
	android:screenOrientation
		ADDED from AndroidManifest.xml:125:13
	android:name
		ADDED from AndroidManifest.xml:124:13
activity#net.shopnc.shop.ui.mine.HelpActivity
ADDED from AndroidManifest.xml:127:9
	android:windowSoftInputMode
		ADDED from AndroidManifest.xml:130:13
	android:screenOrientation
		ADDED from AndroidManifest.xml:129:13
	android:name
		ADDED from AndroidManifest.xml:128:13
activity#net.shopnc.shop.ui.mine.FavStoreListActivity
ADDED from AndroidManifest.xml:131:9
	android:windowSoftInputMode
		ADDED from AndroidManifest.xml:134:13
	android:screenOrientation
		ADDED from AndroidManifest.xml:133:13
	android:name
		ADDED from AndroidManifest.xml:132:13
activity#net.shopnc.shop.ui.home.SearchActivity
ADDED from AndroidManifest.xml:135:9
	android:windowSoftInputMode
		ADDED from AndroidManifest.xml:138:13
	android:screenOrientation
		ADDED from AndroidManifest.xml:137:13
	android:name
		ADDED from AndroidManifest.xml:136:13
activity#net.shopnc.shop.ui.type.TwoTypeActivity
ADDED from AndroidManifest.xml:139:9
	android:windowSoftInputMode
		ADDED from AndroidManifest.xml:142:13
	android:screenOrientation
		ADDED from AndroidManifest.xml:141:13
	android:name
		ADDED from AndroidManifest.xml:140:13
activity#net.shopnc.shop.ui.type.GoodsListFragmentManager
ADDED from AndroidManifest.xml:143:9
	android:windowSoftInputMode
		ADDED from AndroidManifest.xml:146:13
	android:screenOrientation
		ADDED from AndroidManifest.xml:145:13
	android:name
		ADDED from AndroidManifest.xml:144:13
activity#net.shopnc.shop.ui.type.GoodsDetailsActivity
ADDED from AndroidManifest.xml:147:9
	android:windowSoftInputMode
		ADDED from AndroidManifest.xml:150:13
	android:screenOrientation
		ADDED from AndroidManifest.xml:149:13
	android:name
		ADDED from AndroidManifest.xml:148:13
activity#net.shopnc.shop.ui.type.TuWenActivity
ADDED from AndroidManifest.xml:151:9
	android:windowSoftInputMode
		ADDED from AndroidManifest.xml:154:13
	android:screenOrientation
		ADDED from AndroidManifest.xml:153:13
	android:name
		ADDED from AndroidManifest.xml:152:13
activity#net.shopnc.shop.ui.type.GoodsParamActivity
ADDED from AndroidManifest.xml:155:9
	android:windowSoftInputMode
		ADDED from AndroidManifest.xml:158:13
	android:screenOrientation
		ADDED from AndroidManifest.xml:157:13
	android:name
		ADDED from AndroidManifest.xml:156:13
activity#net.shopnc.shop.ui.type.SpecActivity
ADDED from AndroidManifest.xml:159:9
	android:windowSoftInputMode
		ADDED from AndroidManifest.xml:162:13
	android:screenOrientation
		ADDED from AndroidManifest.xml:161:13
	android:name
		ADDED from AndroidManifest.xml:160:13
activity#net.shopnc.shop.ui.mine.LoginActivity
ADDED from AndroidManifest.xml:163:9
	android:windowSoftInputMode
		ADDED from AndroidManifest.xml:166:13
	android:screenOrientation
		ADDED from AndroidManifest.xml:165:13
	android:name
		ADDED from AndroidManifest.xml:164:13
activity#net.shopnc.shop.ui.mine.FavGoodsListActivity
ADDED from AndroidManifest.xml:167:9
	android:windowSoftInputMode
		ADDED from AndroidManifest.xml:170:13
	android:screenOrientation
		ADDED from AndroidManifest.xml:169:13
	android:name
		ADDED from AndroidManifest.xml:168:13
activity#net.shopnc.shop.ui.mine.SettingActivity
ADDED from AndroidManifest.xml:171:9
	android:windowSoftInputMode
		ADDED from AndroidManifest.xml:174:13
	android:screenOrientation
		ADDED from AndroidManifest.xml:173:13
	android:name
		ADDED from AndroidManifest.xml:172:13
activity#net.shopnc.shop.ui.mine.AboutActivity
ADDED from AndroidManifest.xml:175:9
	android:windowSoftInputMode
		ADDED from AndroidManifest.xml:178:13
	android:screenOrientation
		ADDED from AndroidManifest.xml:177:13
	android:name
		ADDED from AndroidManifest.xml:176:13
activity#net.shopnc.shop.ui.mine.VoucherListActivity
ADDED from AndroidManifest.xml:179:9
	android:windowSoftInputMode
		ADDED from AndroidManifest.xml:182:13
	android:screenOrientation
		ADDED from AndroidManifest.xml:181:13
	android:name
		ADDED from AndroidManifest.xml:180:13
activity#net.shopnc.shop.ui.mine.PasswordUnbundlingActivity
ADDED from AndroidManifest.xml:183:9
	android:windowSoftInputMode
		ADDED from AndroidManifest.xml:186:13
	android:screenOrientation
		ADDED from AndroidManifest.xml:185:13
	android:name
		ADDED from AndroidManifest.xml:184:13
activity#net.shopnc.shop.ui.type.BuyStep1Activity
ADDED from AndroidManifest.xml:187:9
	android:windowSoftInputMode
		ADDED from AndroidManifest.xml:190:13
	android:screenOrientation
		ADDED from AndroidManifest.xml:189:13
	android:name
		ADDED from AndroidManifest.xml:188:13
activity#net.shopnc.shop.ui.type.AddressListActivity
ADDED from AndroidManifest.xml:191:9
	android:windowSoftInputMode
		ADDED from AndroidManifest.xml:194:13
	android:screenOrientation
		ADDED from AndroidManifest.xml:193:13
	android:name
		ADDED from AndroidManifest.xml:192:13
activity#net.shopnc.shop.ui.type.InvoiceListActivity
ADDED from AndroidManifest.xml:195:9
	android:windowSoftInputMode
		ADDED from AndroidManifest.xml:198:13
	android:screenOrientation
		ADDED from AndroidManifest.xml:197:13
	android:name
		ADDED from AndroidManifest.xml:196:13
activity#net.shopnc.shop.ui.type.AddressADDActivity
ADDED from AndroidManifest.xml:199:9
	android:windowSoftInputMode
		ADDED from AndroidManifest.xml:202:13
	android:screenOrientation
		ADDED from AndroidManifest.xml:201:13
	android:name
		ADDED from AndroidManifest.xml:200:13
activity#net.shopnc.shop.ui.store.StoreSearchActivity
ADDED from AndroidManifest.xml:203:9
	android:windowSoftInputMode
		ADDED from AndroidManifest.xml:206:13
	android:screenOrientation
		ADDED from AndroidManifest.xml:205:13
	android:name
		ADDED from AndroidManifest.xml:204:13
activity#net.shopnc.shop.bracode.ui.CaptureActivity
ADDED from AndroidManifest.xml:207:9
	android:windowSoftInputMode
		ADDED from AndroidManifest.xml:210:13
	android:screenOrientation
		ADDED from AndroidManifest.xml:209:13
	android:name
		ADDED from AndroidManifest.xml:208:13
activity#net.shopnc.shop.wxapi.WXPayEntryActivity
ADDED from AndroidManifest.xml:213:9
	android:windowSoftInputMode
		ADDED from AndroidManifest.xml:219:13
	android:screenOrientation
		ADDED from AndroidManifest.xml:217:13
	android:theme
		ADDED from AndroidManifest.xml:218:13
	android:exported
		ADDED from AndroidManifest.xml:215:13
	android:name
		ADDED from AndroidManifest.xml:214:13
	android:launchMode
		ADDED from AndroidManifest.xml:216:13
activity#net.shopnc.shop.wxapi.WXEntryActivity
ADDED from AndroidManifest.xml:220:9
	android:windowSoftInputMode
		ADDED from AndroidManifest.xml:226:13
	android:screenOrientation
		ADDED from AndroidManifest.xml:224:13
	android:theme
		ADDED from AndroidManifest.xml:225:13
	android:exported
		ADDED from AndroidManifest.xml:222:13
	android:name
		ADDED from AndroidManifest.xml:221:13
	android:launchMode
		ADDED from AndroidManifest.xml:223:13
receiver#net.shopnc.shop.common.AppRegister
ADDED from AndroidManifest.xml:228:9
	android:name
		ADDED from AndroidManifest.xml:228:19
intent-filter#com.tencent.mm.plugin.openapi.Intent.ACTION_REFRESH_WXAPP
ADDED from AndroidManifest.xml:229:13
action#com.tencent.mm.plugin.openapi.Intent.ACTION_REFRESH_WXAPP
ADDED from AndroidManifest.xml:230:17
	android:name
		ADDED from AndroidManifest.xml:230:25
activity#net.shopnc.shop.BrandActivity
ADDED from AndroidManifest.xml:234:9
	android:label
		ADDED from AndroidManifest.xml:236:13
	android:name
		ADDED from AndroidManifest.xml:235:13
activity#net.shopnc.shop.ui.mine.RegisterMobileActivity
ADDED from AndroidManifest.xml:237:9
	android:label
		ADDED from AndroidManifest.xml:239:13
	android:name
		ADDED from AndroidManifest.xml:238:13
activity#net.shopnc.shop.ui.mine.RegisterMobileStep2Activity
ADDED from AndroidManifest.xml:240:9
	android:label
		ADDED from AndroidManifest.xml:242:13
	android:name
		ADDED from AndroidManifest.xml:241:13
activity#net.shopnc.shop.ui.mine.RegisterMobileStep3Activity
ADDED from AndroidManifest.xml:243:9
	android:label
		ADDED from AndroidManifest.xml:245:13
	android:name
		ADDED from AndroidManifest.xml:244:13
activity#net.shopnc.shop.ui.type.ImageSwitchActivity
ADDED from AndroidManifest.xml:246:9
	android:label
		ADDED from AndroidManifest.xml:248:13
	android:theme
		ADDED from AndroidManifest.xml:249:13
	android:name
		ADDED from AndroidManifest.xml:247:13
activity#net.shopnc.shop.ui.type.GoodsBrowseActivity
ADDED from AndroidManifest.xml:250:9
	android:label
		ADDED from AndroidManifest.xml:252:13
	android:name
		ADDED from AndroidManifest.xml:251:13
activity#net.shopnc.shop.ui.mine.VirtualInfoActivity
ADDED from AndroidManifest.xml:253:9
	android:label
		ADDED from AndroidManifest.xml:255:13
	android:name
		ADDED from AndroidManifest.xml:254:13
activity#net.shopnc.shop.ui.mine.MyAssetActivity
ADDED from AndroidManifest.xml:256:9
	android:label
		ADDED from AndroidManifest.xml:258:13
	android:name
		ADDED from AndroidManifest.xml:257:13
activity#net.shopnc.shop.ui.mine.SigninActivity
ADDED from AndroidManifest.xml:259:9
	android:label
		ADDED from AndroidManifest.xml:261:13
	android:name
		ADDED from AndroidManifest.xml:260:13
activity#com.tencent.tauth.AuthActivity
ADDED from AndroidManifest.xml:264:9
	android:noHistory
		ADDED from AndroidManifest.xml:267:13
	android:name
		ADDED from AndroidManifest.xml:265:13
	android:launchMode
		ADDED from AndroidManifest.xml:266:13
intent-filter#android.intent.action.VIEW+android.intent.category.BROWSABLE+android.intent.category.DEFAULT
ADDED from AndroidManifest.xml:268:13
action#android.intent.action.VIEW
ADDED from AndroidManifest.xml:269:17
	android:name
		ADDED from AndroidManifest.xml:269:25
category#android.intent.category.DEFAULT
ADDED from AndroidManifest.xml:271:17
	android:name
		ADDED from AndroidManifest.xml:271:27
category#android.intent.category.BROWSABLE
ADDED from AndroidManifest.xml:272:17
	android:name
		ADDED from AndroidManifest.xml:272:27
data
ADDED from AndroidManifest.xml:274:17
	android:scheme
		ADDED from AndroidManifest.xml:274:23
activity#com.tencent.connect.common.AssistActivity
ADDED from AndroidManifest.xml:278:9
	android:screenOrientation
		ADDED from AndroidManifest.xml:281:13
	android:configChanges
		ADDED from AndroidManifest.xml:280:13
	android:theme
		ADDED from AndroidManifest.xml:282:13
	android:name
		ADDED from AndroidManifest.xml:279:13
activity#net.shopnc.shop.ui.mine.PredepositActivity
ADDED from AndroidManifest.xml:283:9
	android:label
		ADDED from AndroidManifest.xml:285:13
	android:name
		ADDED from AndroidManifest.xml:284:13
activity#net.shopnc.shop.ui.mine.RechargeCardLogActivity
ADDED from AndroidManifest.xml:286:9
	android:label
		ADDED from AndroidManifest.xml:288:13
	android:name
		ADDED from AndroidManifest.xml:287:13
activity#net.shopnc.shop.ui.mine.RechargeCardAddActivity
ADDED from AndroidManifest.xml:289:9
	android:label
		ADDED from AndroidManifest.xml:291:13
	android:name
		ADDED from AndroidManifest.xml:290:13
activity#net.shopnc.shop.ui.mine.VoucherPasswordAddActivity
ADDED from AndroidManifest.xml:292:9
	android:label
		ADDED from AndroidManifest.xml:294:13
	android:name
		ADDED from AndroidManifest.xml:293:13
activity#net.shopnc.shop.ui.mine.RedpacketListActivity
ADDED from AndroidManifest.xml:295:9
	android:label
		ADDED from AndroidManifest.xml:297:13
	android:name
		ADDED from AndroidManifest.xml:296:13
activity#net.shopnc.shop.ui.mine.RedpacketPasswordAddActivity
ADDED from AndroidManifest.xml:298:9
	android:label
		ADDED from AndroidManifest.xml:300:13
	android:name
		ADDED from AndroidManifest.xml:299:13
activity#net.shopnc.shop.ui.mine.PointLogActivity
ADDED from AndroidManifest.xml:301:9
	android:label
		ADDED from AndroidManifest.xml:303:13
	android:name
		ADDED from AndroidManifest.xml:302:13
activity#net.shopnc.shop.ui.mine.BindMobileActivity
ADDED from AndroidManifest.xml:304:9
	android:label
		ADDED from AndroidManifest.xml:306:13
	android:name
		ADDED from AndroidManifest.xml:305:13
activity#net.shopnc.shop.ui.mine.UnbindMobileActivity
ADDED from AndroidManifest.xml:307:9
	android:label
		ADDED from AndroidManifest.xml:309:13
	android:name
		ADDED from AndroidManifest.xml:308:13
activity#net.shopnc.shop.ui.mine.ModifyPasswordStep1Activity
ADDED from AndroidManifest.xml:310:9
	android:label
		ADDED from AndroidManifest.xml:312:13
	android:name
		ADDED from AndroidManifest.xml:311:13
activity#net.shopnc.shop.ui.mine.ModifyPasswordStep2Activity
ADDED from AndroidManifest.xml:313:9
	android:label
		ADDED from AndroidManifest.xml:315:13
	android:name
		ADDED from AndroidManifest.xml:314:13
activity#net.shopnc.shop.ui.mine.ModifyPaypwdStep1Activity
ADDED from AndroidManifest.xml:316:9
	android:label
		ADDED from AndroidManifest.xml:318:13
	android:name
		ADDED from AndroidManifest.xml:317:13
activity#net.shopnc.shop.ui.mine.ModifyPaypwdStep2Activity
ADDED from AndroidManifest.xml:319:9
	android:label
		ADDED from AndroidManifest.xml:321:13
	android:name
		ADDED from AndroidManifest.xml:320:13
activity#net.shopnc.shop.ui.type.StoreO2oAddressActivity
ADDED from AndroidManifest.xml:322:9
	android:label
		ADDED from AndroidManifest.xml:324:13
	android:name
		ADDED from AndroidManifest.xml:323:13
activity#net.shopnc.shop.ui.type.BaiduMapActivity
ADDED from AndroidManifest.xml:325:9
	android:label
		ADDED from AndroidManifest.xml:327:13
	android:name
		ADDED from AndroidManifest.xml:326:13
activity#net.shopnc.shop.WBShareActivity
ADDED from AndroidManifest.xml:331:9
	android:screenOrientation
		ADDED from AndroidManifest.xml:334:13
	android:configChanges
		ADDED from AndroidManifest.xml:333:13
	android:name
		ADDED from AndroidManifest.xml:332:13
intent-filter#android.intent.category.DEFAULT+com.sina.weibo.sdk.action.ACTION_SDK_REQ_ACTIVITY
ADDED from AndroidManifest.xml:335:13
action#com.sina.weibo.sdk.action.ACTION_SDK_REQ_ACTIVITY
ADDED from AndroidManifest.xml:336:17
	android:name
		ADDED from AndroidManifest.xml:336:25
activity#com.sina.weibo.sdk.component.WeiboSdkBrowser
ADDED from AndroidManifest.xml:341:9
	android:windowSoftInputMode
		ADDED from AndroidManifest.xml:345:13
	android:configChanges
		ADDED from AndroidManifest.xml:343:13
	android:exported
		ADDED from AndroidManifest.xml:344:13
	android:name
		ADDED from AndroidManifest.xml:342:13
service#com.sina.weibo.sdk.net.DownloadService
ADDED from AndroidManifest.xml:348:9
	android:exported
		ADDED from AndroidManifest.xml:350:13
	android:name
		ADDED from AndroidManifest.xml:349:13
activity#com.umeng.socialize.editorpage.ShareActivity
ADDED from AndroidManifest.xml:355:9
	android:theme
		ADDED from AndroidManifest.xml:358:13
	android:excludeFromRecents
		ADDED from AndroidManifest.xml:357:13
	android:name
		ADDED from AndroidManifest.xml:356:13
meta-data#UMENG_APPKEY
ADDED from AndroidManifest.xml:360:9
	android:name
		ADDED from AndroidManifest.xml:361:13
	android:value
		ADDED from AndroidManifest.xml:362:13
meta-data#UMENG_CHANNEL
ADDED from AndroidManifest.xml:364:9
	android:name
		ADDED from AndroidManifest.xml:365:13
	android:value
		ADDED from AndroidManifest.xml:366:13
activity#net.shopnc.shop.ui.store.newStoreInFoActivity
ADDED from AndroidManifest.xml:369:9
	android:name
		ADDED from AndroidManifest.xml:369:19
activity#net.shopnc.shop.ui.store.StoreGoodsListFragmentManager
ADDED from AndroidManifest.xml:370:9
	android:name
		ADDED from AndroidManifest.xml:370:19
activity#net.shopnc.shop.ui.store.StoreIntroduceActivity
ADDED from AndroidManifest.xml:371:9
	android:name
		ADDED from AndroidManifest.xml:371:19
activity#com.alipay.sdk.pay.PayDemoActivity
ADDED from AndroidManifest.xml:374:9
	android:name
		ADDED from AndroidManifest.xml:374:19
activity#com.alipay.sdk.app.H5PayActivity
ADDED from AndroidManifest.xml:375:9
	android:windowSoftInputMode
		ADDED from AndroidManifest.xml:380:13
	android:screenOrientation
		ADDED from AndroidManifest.xml:379:13
	android:configChanges
		ADDED from AndroidManifest.xml:377:13
	android:exported
		ADDED from AndroidManifest.xml:378:13
	android:name
		ADDED from AndroidManifest.xml:376:13
activity#net.shopnc.shop.ui.type.EvaluateActivity
ADDED from AndroidManifest.xml:382:9
	android:windowSoftInputMode
		ADDED from AndroidManifest.xml:385:13
	android:screenOrientation
		ADDED from AndroidManifest.xml:384:13
	android:name
		ADDED from AndroidManifest.xml:383:13
activity#net.shopnc.shop.ui.type.EvaluateAddActivity
ADDED from AndroidManifest.xml:386:9
	android:windowSoftInputMode
		ADDED from AndroidManifest.xml:389:13
	android:screenOrientation
		ADDED from AndroidManifest.xml:388:13
	android:name
		ADDED from AndroidManifest.xml:387:13
activity#net.shopnc.shop.ui.mine.OrderDetailsActivity
ADDED from AndroidManifest.xml:390:9
	android:windowSoftInputMode
		ADDED from AndroidManifest.xml:393:13
	android:screenOrientation
		ADDED from AndroidManifest.xml:392:13
	android:name
		ADDED from AndroidManifest.xml:391:13
activity#net.shopnc.shop.ui.mine.OrderWuLiuActivity
ADDED from AndroidManifest.xml:395:9
	android:label
		ADDED from AndroidManifest.xml:397:13
	android:name
		ADDED from AndroidManifest.xml:396:13
activity#net.shopnc.shop.ui.mine.OrderExchangeActivity
ADDED from AndroidManifest.xml:399:9
	android:label
		ADDED from AndroidManifest.xml:401:13
	android:name
		ADDED from AndroidManifest.xml:400:13
activity#net.shopnc.shop.ui.mine.OrderGoodsTuiMoneyActivity
ADDED from AndroidManifest.xml:403:9
	android:label
		ADDED from AndroidManifest.xml:405:13
	android:name
		ADDED from AndroidManifest.xml:404:13
activity#net.shopnc.shop.ui.mine.OrderGoodsTuiGoodsActivity
ADDED from AndroidManifest.xml:407:9
	android:label
		ADDED from AndroidManifest.xml:409:13
	android:name
		ADDED from AndroidManifest.xml:408:13
activity#net.shopnc.shop.ui.mine.OrderExchangeListActivity
ADDED from AndroidManifest.xml:411:9
	android:label
		ADDED from AndroidManifest.xml:413:13
	android:name
		ADDED from AndroidManifest.xml:412:13
activity#net.shopnc.shop.ui.mine.OrderExchangeControlDetailsActivity
ADDED from AndroidManifest.xml:415:9
	android:label
		ADDED from AndroidManifest.xml:417:13
	android:name
		ADDED from AndroidManifest.xml:416:13
activity#net.shopnc.shop.ui.mine.OrderExchangeSendGoodsActivity
ADDED from AndroidManifest.xml:419:9
	android:label
		ADDED from AndroidManifest.xml:421:13
	android:name
		ADDED from AndroidManifest.xml:420:13